# JRE version: OpenJDK Runtime Environment Temurin-17.0.7+7 (17.0.7+7) (build 17.0.7+7)
# Java VM: OpenJDK 64-Bit Server VM Temurin-17.0.7+7 (17.0.7+7, mixed mode, tiered, compressed oops, compressed class ptrs, g1 gc, windows-amd64)
GC Precious Log:
 CPUs: 2 total, 2 available
 Memory: 12287M
 Large Page Support: Disabled
 NUMA Support: Disabled
 Compressed Oops: Enabled (Zero based)
 Heap Region Size: 2M
 Heap Min Capacity: 8M
 Heap Initial Capacity: 192M
 Heap Max Capacity: 3G
 Pre-touch: Disabled
 Parallel Workers: 2
 Concurrent Workers: 1
 Concurrent Refinement Workers: 2
 Periodic GC: Disabled
Heap:
 garbage-first heap   total 61440K, used 28992K [0x0000000740000000, 0x0000000800000000)
  region size 2048K, 7 young (14336K), 2 survivors (4096K)
 Metaspace       used 38029K, committed 38272K, reserved 1114112K
  class space    used 4438K, committed 4544K, reserved 1048576K
GC Heap History (18 events):
Event: 0.458 GC heap before
{Heap before GC invocations=0 (full 0):
 garbage-first heap   total 196608K, used 6144K [0x0000000740000000, 0x0000000800000000)
  region size 2048K, 4 young (8192K), 0 survivors (0K)
 Metaspace       used 5029K, committed 5184K, reserved 1114112K
  class space    used 411K, committed 512K, reserved 1048576K
}
Event: 0.465 GC heap after
{Heap after GC invocations=1 (full 0):
 garbage-first heap   total 196608K, used 5951K [0x0000000740000000, 0x0000000800000000)
  region size 2048K, 1 young (2048K), 1 survivors (2048K)
 Metaspace       used 5029K, committed 5184K, reserved 1114112K
  class space    used 411K, committed 512K, reserved 1048576K
}
Event: 0.871 GC heap before
{Heap before GC invocations=1 (full 0):
 garbage-first heap   total 196608K, used 12095K [0x0000000740000000, 0x0000000800000000)
  region size 2048K, 4 young (8192K), 1 survivors (2048K)
 Metaspace       used 9249K, committed 9344K, reserved 1114112K
  class space    used 871K, committed 896K, reserved 1048576K
}
Event: 0.875 GC heap after
{Heap after GC invocations=2 (full 0):
 garbage-first heap   total 196608K, used 6415K [0x0000000740000000, 0x0000000800000000)
  region size 2048K, 1 young (2048K), 1 survivors (2048K)
 Metaspace       used 9249K, committed 9344K, reserved 1114112K
  class space    used 871K, committed 896K, reserved 1048576K
}
Event: 1.211 GC heap before
{Heap before GC invocations=2 (full 0):
 garbage-first heap   total 196608K, used 12559K [0x0000000740000000, 0x0000000800000000)
  region size 2048K, 4 young (8192K), 1 survivors (2048K)
 Metaspace       used 11506K, committed 11712K, reserved 1114112K
  class space    used 1159K, committed 1280K, reserved 1048576K
}
Event: 1.214 GC heap after
{Heap after GC invocations=3 (full 0):
 garbage-first heap   total 196608K, used 7184K [0x0000000740000000, 0x0000000800000000)
  region size 2048K, 1 young (2048K), 1 survivors (2048K)
 Metaspace       used 11506K, committed 11712K, reserved 1114112K
  class space    used 1159K, committed 1280K, reserved 1048576K
}
Event: 1.524 GC heap before
{Heap before GC invocations=3 (full 0):
 garbage-first heap   total 196608K, used 21520K [0x0000000740000000, 0x0000000800000000)
  region size 2048K, 8 young (16384K), 1 survivors (2048K)
 Metaspace       used 15243K, committed 15424K, reserved 1114112K
  class space    used 1522K, committed 1600K, reserved 1048576K
}
Event: 1.528 GC heap after
{Heap after GC invocations=4 (full 0):
 garbage-first heap   total 196608K, used 8348K [0x0000000740000000, 0x0000000800000000)
  region size 2048K, 1 young (2048K), 1 survivors (2048K)
 Metaspace       used 15243K, committed 15424K, reserved 1114112K
  class space    used 1522K, committed 1600K, reserved 1048576K
}
Event: 2.291 GC heap before
{Heap before GC invocations=4 (full 0):
 garbage-first heap   total 196608K, used 30876K [0x0000000740000000, 0x0000000800000000)
  region size 2048K, 13 young (26624K), 1 survivors (2048K)
 Metaspace       used 21292K, committed 21504K, reserved 1114112K
  class space    used 2232K, committed 2368K, reserved 1048576K
}
Event: 2.299 GC heap after
{Heap after GC invocations=5 (full 0):
 garbage-first heap   total 196608K, used 9937K [0x0000000740000000, 0x0000000800000000)
  region size 2048K, 2 young (4096K), 2 survivors (4096K)
 Metaspace       used 21292K, committed 21504K, reserved 1114112K
  class space    used 2232K, committed 2368K, reserved 1048576K
}
Event: 3.734 GC heap before
{Heap before GC invocations=6 (full 0):
 garbage-first heap   total 49152K, used 34513K [0x0000000740000000, 0x0000000800000000)
  region size 2048K, 14 young (28672K), 2 survivors (4096K)
 Metaspace       used 27076K, committed 27392K, reserved 1114112K
  class space    used 3041K, committed 3200K, reserved 1048576K
}
Event: 3.745 GC heap after
{Heap after GC invocations=7 (full 0):
 garbage-first heap   total 49152K, used 11974K [0x0000000740000000, 0x0000000800000000)
  region size 2048K, 2 young (4096K), 2 survivors (4096K)
 Metaspace       used 27076K, committed 27392K, reserved 1114112K
  class space    used 3041K, committed 3200K, reserved 1048576K
}
Event: 3.820 GC heap before
{Heap before GC invocations=7 (full 0):
 garbage-first heap   total 49152K, used 14022K [0x0000000740000000, 0x0000000800000000)
  region size 2048K, 3 young (6144K), 2 survivors (4096K)
 Metaspace       used 27998K, committed 28224K, reserved 1114112K
  class space    used 3161K, committed 3264K, reserved 1048576K
}
Event: 3.827 GC heap after
{Heap after GC invocations=8 (full 0):
 garbage-first heap   total 49152K, used 12193K [0x0000000740000000, 0x0000000800000000)
  region size 2048K, 1 young (2048K), 1 survivors (2048K)
 Metaspace       used 27998K, committed 28224K, reserved 1114112K
  class space    used 3161K, committed 3264K, reserved 1048576K
}
Event: 4.475 GC heap before
{Heap before GC invocations=8 (full 0):
 garbage-first heap   total 49152K, used 28577K [0x0000000740000000, 0x0000000800000000)
  region size 2048K, 10 young (20480K), 1 survivors (2048K)
 Metaspace       used 34034K, committed 34304K, reserved 1114112K
  class space    used 3854K, committed 3968K, reserved 1048576K
}
Event: 4.481 GC heap after
{Heap after GC invocations=9 (full 0):
 garbage-first heap   total 65536K, used 14212K [0x0000000740000000, 0x0000000800000000)
  region size 2048K, 2 young (4096K), 2 survivors (4096K)
 Metaspace       used 34034K, committed 34304K, reserved 1114112K
  class space    used 3854K, committed 3968K, reserved 1048576K
}
Event: 4.703 GC heap before
{Heap before GC invocations=9 (full 0):
 garbage-first heap   total 65536K, used 20356K [0x0000000740000000, 0x0000000800000000)
  region size 2048K, 6 young (12288K), 2 survivors (4096K)
 Metaspace       used 35731K, committed 35968K, reserved 1114112K
  class space    used 4084K, committed 4224K, reserved 1048576K
}
Event: 4.711 GC heap after
{Heap after GC invocations=10 (full 0):
 garbage-first heap   total 65536K, used 14656K [0x0000000740000000, 0x0000000800000000)
  region size 2048K, 2 young (4096K), 2 survivors (4096K)
 Metaspace       used 35731K, committed 35968K, reserved 1114112K
  class space    used 4084K, committed 4224K, reserved 1048576K
}

